[2022-11-11 22:32:25] local.DEBUG: array (
  'pageName' => 'top',
)  
[2022-11-11 22:32:25] local.DEBUG: filterあり  
[2022-11-11 22:35:45] local.DEBUG: array (
  'pageName' => 'top',
)  
[2022-11-11 22:35:45] local.DEBUG: filterあり  
[2022-11-11 22:35:50] local.DEBUG: array (
  'pageName' => 'top',
)  
[2022-11-11 22:35:50] local.DEBUG: filterあり  
[2022-11-11 22:39:39] local.DEBUG: array (
  'pageName' => 'top',
)  
[2022-11-11 22:39:39] local.DEBUG: filterあり  
[2022-11-11 22:40:04] local.DEBUG: 都道府県リスト取得API実行  
[2022-11-11 22:40:23] local.DEBUG: array (
  'pageName' => 'top',
)  
[2022-11-11 22:40:23] local.DEBUG: filterあり  
[2022-11-11 22:40:35] local.DEBUG: array (
  'pageName' => 'top',
)  
[2022-11-11 22:40:35] local.DEBUG: filterあり  
[2022-11-11 22:42:35] local.DEBUG: array (
  'pageName' => 'top',
)  
[2022-11-11 22:42:35] local.DEBUG: filterあり  
[2022-11-11 22:43:08] local.DEBUG: array (
  'pageName' => 'top',
)  
[2022-11-11 22:43:08] local.DEBUG: filterあり  
[2022-11-11 22:45:48] local.DEBUG: array (
  'pageName' => 'top',
)  
[2022-11-11 22:45:48] local.DEBUG: filterあり  
[2022-11-11 22:48:10] local.DEBUG: 都道府県リスト取得API実行  
[2022-11-11 22:48:11] local.DEBUG: 売り手ユーザー登録バリデーション実行  
[2022-11-11 22:48:31] local.DEBUG: 売り手ユーザー登録バリデーション実行  
[2022-11-11 22:48:32] local.DEBUG: 売り手ユーザー登録,db保存実行  
[2022-11-11 22:48:32] local.DEBUG: 売り手ユーザー登録完了し、登録売り手ユーザー情報を返す  
[2022-11-11 22:48:32] local.DEBUG: {"name":"b","branch_name":"a","city":"a","other_address":"da","id":23}  
[2022-11-11 22:48:34] local.DEBUG: array (
  'pageName' => 'top',
)  
[2022-11-11 22:48:34] local.DEBUG: filterあり  
[2022-11-11 22:49:20] local.DEBUG: 都道府県リスト取得API実行  
[2022-11-11 22:49:24] local.DEBUG: 都道府県リスト取得API実行  
[2022-11-11 22:49:31] local.DEBUG: 都道府県リスト取得API実行  
[2022-11-11 22:49:35] local.DEBUG: 売り手ユーザー登録バリデーション実行  
[2022-11-11 22:57:18] local.DEBUG: 都道府県リスト取得API実行  
[2022-11-11 22:57:18] local.DEBUG: array (
  'page' => '1',
)  
[2022-11-11 22:57:18] local.DEBUG: filterあり  
[2022-11-11 22:57:18] local.DEBUG: 絞り込み開始  
[2022-11-11 22:57:23] local.DEBUG: array (
  'page' => '2',
)  
[2022-11-11 22:57:23] local.DEBUG: filterあり  
[2022-11-11 22:57:23] local.DEBUG: 絞り込み開始  
[2022-11-11 22:57:27] local.DEBUG: array (
  'page' => '3',
)  
[2022-11-11 22:57:27] local.DEBUG: filterあり  
[2022-11-11 22:57:28] local.DEBUG: 絞り込み開始  
[2022-11-11 22:57:28] local.DEBUG: 購入履歴有り  
[2022-11-11 22:57:28] local.DEBUG: 購入履歴有り  
[2022-11-11 22:57:28] local.DEBUG: 購入履歴有り  
[2022-11-11 22:57:28] local.DEBUG: 購入履歴有り  
[2022-11-11 23:01:16] local.DEBUG: 都道府県リスト取得API実行  
[2022-11-11 23:01:17] local.DEBUG: array (
  'page' => '1',
)  
[2022-11-11 23:01:17] local.DEBUG: filterあり  
[2022-11-11 23:01:17] local.DEBUG: 絞り込み開始  
